<?xml version="1.0" encoding="UTF-8" ?>
<testsuite tests="4" failures="3" name="testingModelClasses.TestHotel" time="0" errors="0" skipped="0">
  <properties>
[...]
</properties>
  <testcase classname="testingModelClasses.TestHotel" name="testingModelClasses.TestHotel.testSetDate" time="0"/>
  <testcase classname="testingModelClasses.TestHotel" name="testingModelClasses.TestHotel.testGetNoOfPersonMethod" time="0">
    <failure message="org/junit/Assert" type="java.lang.NoClassDefFoundError">java.lang.NoClassDefFoundError: org/junit/Assert
	at testingModelClasses.TestHotel.testGetNoOfPersonMethod(TestHotel.java:17)
Caused by: java.lang.ClassNotFoundException: org.junit.Assert
	at java.net.URLClassLoader.findClass(Unknown Source)
	at java.lang.ClassLoader.loadClass(Unknown Source)
	at sun.misc.Launcher$AppClassLoader.loadClass(Unknown Source)
	at java.lang.ClassLoader.loadClass(Unknown Source)
	... 19 more
</failure>
  </testcase>
  <testcase classname="testingModelClasses.TestHotel" name="testingModelClasses.TestHotel.testGetRateMethod" time="0">
    <failure message="org/junit/Assert" type="java.lang.NoClassDefFoundError">java.lang.NoClassDefFoundError: org/junit/Assert
	at testingModelClasses.TestHotel.testGetRateMethod(TestHotel.java:31)
</failure>
  </testcase>
  <testcase classname="testingModelClasses.TestHotel" name="testingModelClasses.TestHotel.testGetRoomType" time="0">
    <failure message="org/junit/Assert" type="java.lang.NoClassDefFoundError">java.lang.NoClassDefFoundError: org/junit/Assert
	at testingModelClasses.TestHotel.testGetRoomType(TestHotel.java:45)
</failure>
  </testcase>
</testsuite>